2021-07-27 14:55:04,358:INFO:PyCaret Supervised Module
2021-07-27 14:55:04,358:INFO:ML Usecase: classification
2021-07-27 14:55:04,359:INFO:version 2.3.1
2021-07-27 14:55:04,359:INFO:Initializing setup()
2021-07-27 14:55:04,359:INFO:setup(target=Survived, ml_usecase=classification, available_plots={'parameter': 'Hyperparameters', 'auc': 'AUC', 'confusion_matrix': 'Confusion Matrix', 'threshold': 'Threshold', 'pr': 'Precision Recall', 'error': 'Prediction Error', 'class_report': 'Class Report', 'rfe': 'Feature Selection', 'learning': 'Learning Curve', 'manifold': 'Manifold Learning', 'calibration': 'Calibration Curve', 'vc': 'Validation Curve', 'dimension': 'Dimensions', 'feature': 'Feature Importance', 'feature_all': 'Feature Importance (All)', 'boundary': 'Decision Boundary', 'lift': 'Lift Chart', 'gain': 'Gain Chart', 'tree': 'Decision Tree'}, train_size=0.7, test_data=None, preprocess=True, imputation_type=simple, iterative_imputation_iters=5, categorical_features=None, categorical_imputation=mode, categorical_iterative_imputer=lightgbm, ordinal_features=None, high_cardinality_features=None, high_cardinality_method=frequency, numeric_features=None, numeric_imputation=mean, numeric_iterative_imputer=lightgbm, date_features=None, ignore_features=None, normalize=False, normalize_method=zscore, transformation=False, transformation_method=yeo-johnson, handle_unknown_categorical=True, unknown_categorical_method=least_frequent, pca=False, pca_method=linear, pca_components=None, ignore_low_variance=False, combine_rare_levels=False, rare_level_threshold=0.1, bin_numeric_features=None, remove_outliers=False, outliers_threshold=0.05, remove_multicollinearity=False, multicollinearity_threshold=0.9, remove_perfect_collinearity=True, create_clusters=False, cluster_iter=20, polynomial_features=False, polynomial_degree=2, trigonometry_features=False, polynomial_threshold=0.1, group_features=None, group_names=None, feature_selection=False, feature_selection_threshold=0.8, feature_selection_method=classic, feature_interaction=False, feature_ratio=False, interaction_threshold=0.01, fix_imbalance=False, fix_imbalance_method=None, transform_target=False, transform_target_method=box-cox, data_split_shuffle=True, data_split_stratify=False, fold_strategy=stratifiedkfold, fold=10, fold_shuffle=False, fold_groups=None, n_jobs=-1, use_gpu=False, custom_pipeline=None, html=True, session_id=123, log_experiment=False, experiment_name=None, log_plots=False, log_profile=False, log_data=False, silent=False, verbose=True, profile=False, profile_kwargs=None, display=None)
2021-07-27 14:55:04,360:INFO:Checking environment
2021-07-27 14:55:04,360:INFO:python_version: 3.8.5
2021-07-27 14:55:04,360:INFO:python_build: ('default', 'Sep  3 2020 21:29:08')
2021-07-27 14:55:04,360:INFO:machine: AMD64
2021-07-27 14:55:04,360:INFO:platform: Windows-10-10.0.19041-SP0
2021-07-27 14:55:04,360:INFO:Memory: svmem(total=8449376256, available=3097161728, percent=63.3, used=5352214528, free=3097161728)
2021-07-27 14:55:04,360:INFO:Physical Core: 2
2021-07-27 14:55:04,360:INFO:Logical Core: 4
2021-07-27 14:55:04,360:INFO:Checking libraries
2021-07-27 14:55:04,360:INFO:pd==1.1.3
2021-07-27 14:55:04,360:INFO:numpy==1.19.5
2021-07-27 14:55:04,360:INFO:sklearn==0.23.2
2021-07-27 14:55:04,360:INFO:lightgbm==3.2.1
2021-07-27 14:55:04,361:WARNING:catboost not found
2021-07-27 14:55:04,362:WARNING:xgboost not found
2021-07-27 14:55:07,399:INFO:mlflow==1.18.0
2021-07-27 14:55:07,399:INFO:Checking Exceptions
2021-07-27 14:55:07,400:INFO:Declaring global variables
2021-07-27 14:55:07,400:INFO:USI: b256
2021-07-27 14:55:07,400:INFO:pycaret_globals: {'fold_param', 'fold_generator', 'log_plots_param', 'pycaret_globals', 'html_param', '_all_models_internal', 'USI', '_available_plots', 'exp_name_log', 'X_test', 'display_container', 'iterative_imputation_iters_param', 'fix_imbalance_method_param', 'gpu_param', 'target_param', 'n_jobs_param', 'data_before_preprocess', 'X_train', 'y', 'experiment__', 'imputation_regressor', '_all_models', 'y_train', 'stratify_param', 'fold_groups_param_full', 'fold_shuffle_param', 'y_test', 'fix_imbalance_param', 'X', '_ml_usecase', 'create_model_container', 'fold_groups_param', 'seed', 'imputation_classifier', 'logging_param', 'master_model_container', 'transform_target_method_param', '_internal_pipeline', 'transform_target_param', '_all_metrics', 'prep_pipe', '_gpu_n_jobs_param'}
2021-07-27 14:55:07,400:INFO:Preparing display monitor
2021-07-27 14:55:07,400:INFO:Preparing display monitor
2021-07-27 14:55:07,434:INFO:Importing libraries
2021-07-27 14:55:07,435:INFO:Copying data for preprocessing
2021-07-27 14:55:07,458:INFO:Declaring preprocessing parameters
2021-07-27 14:55:07,461:INFO:Creating preprocessing pipeline
2021-07-27 14:55:07,496:INFO:Preprocessing pipeline created successfully
2021-07-27 14:55:07,496:ERROR:(Process Exit): setup has been interupted with user command 'quit'. setup must rerun.
2021-07-27 14:55:07,496:INFO:Creating global containers
2021-07-27 14:55:07,511:INFO:Internal pipeline: Pipeline(memory=None, steps=[('empty_step', 'passthrough')], verbose=False)
2021-07-27 15:03:43,556:WARNING:Couldn't import xgboost.XGBClassifier
2021-07-27 15:03:43,559:WARNING:Couldn't import catboost.CatBoostClassifier
2021-07-27 15:03:43,698:WARNING:Couldn't import xgboost.XGBClassifier
2021-07-27 15:03:43,699:WARNING:Couldn't import catboost.CatBoostClassifier
2021-07-27 15:03:43,700:INFO:Creating grid variables
2021-07-27 15:03:43,770:INFO:create_model_container: 0
2021-07-27 15:03:43,773:INFO:master_model_container: 0
2021-07-27 15:03:43,774:INFO:display_container: 1
2021-07-27 15:03:43,783:INFO:Pipeline(memory=None,
         steps=[('dtypes',
                 DataTypes_Auto_infer(categorical_features=[],
                                      display_types=True, features_todrop=[],
                                      id_columns=['PassengerId'],
                                      ml_usecase='classification',
                                      numerical_features=[], target='Survived',
                                      time_features=[])),
                ('imputer',
                 Simple_Imputer(categorical_strategy='most frequent',
                                fill_value_categorical=None,
                                fill_value_numerical=None...
                ('scaling', 'passthrough'), ('P_transform', 'passthrough'),
                ('binn', 'passthrough'), ('rem_outliers', 'passthrough'),
                ('cluster_all', 'passthrough'),
                ('dummy', Dummify(target='Survived')),
                ('fix_perfect', Remove_100(target='Survived')),
                ('clean_names', Clean_Colum_Names()),
                ('feature_select', 'passthrough'), ('fix_multi', 'passthrough'),
                ('dfs', 'passthrough'), ('pca', 'passthrough')],
         verbose=False)
2021-07-27 15:03:43,783:INFO:setup() succesfully completed......................................
2021-07-27 15:13:26,122:INFO:Initializing compare_models()
2021-07-27 15:13:26,122:INFO:compare_models(include=None, fold=None, round=4, cross_validation=True, sort=Accuracy, n_select=1, budget_time=None, turbo=True, errors=ignore, fit_kwargs=None, groups=None, verbose=True, display=None, exclude=None)
2021-07-27 15:13:26,122:INFO:Checking exceptions
2021-07-27 15:13:26,123:INFO:Preparing display monitor
2021-07-27 15:13:26,123:INFO:Preparing display monitor
2021-07-27 15:13:26,182:INFO:Initializing Logistic Regression
2021-07-27 15:13:26,183:INFO:Total runtime is 1.6641616821289062e-05 minutes
2021-07-27 15:13:26,202:INFO:SubProcess create_model() called ==================================
2021-07-27 15:13:26,203:INFO:Initializing create_model()
2021-07-27 15:13:26,203:INFO:create_model(estimator=lr, fold=StratifiedKFold(n_splits=10, random_state=None, shuffle=False), round=4, cross_validation=True, predict=True, fit_kwargs={}, groups=None, refit=False, verbose=False, system=False, metrics=None, display=<pycaret.internal.Display.Display object at 0x000001D2002F60D0>, kwargs={})
2021-07-27 15:13:26,203:INFO:Checking exceptions
2021-07-27 15:13:26,204:INFO:Importing libraries
2021-07-27 15:13:26,204:INFO:Copying training dataset
2021-07-27 15:13:26,205:INFO:Defining folds
2021-07-27 15:13:26,206:INFO:Declaring metric variables
2021-07-27 15:13:26,217:INFO:Importing untrained model
2021-07-27 15:13:26,246:INFO:Logistic Regression Imported succesfully
2021-07-27 15:13:26,295:INFO:Starting cross validation
2021-07-27 15:13:26,296:INFO:Cross validating with StratifiedKFold(n_splits=10, random_state=None, shuffle=False), n_jobs=-1
2021-07-27 15:13:41,496:INFO:Calculating mean and std
2021-07-27 15:13:41,497:INFO:Creating metrics dataframe
2021-07-27 15:13:41,504:INFO:Uploading results into container
2021-07-27 15:13:41,505:INFO:Uploading model into container now
2021-07-27 15:13:41,505:INFO:create_model_container: 1
2021-07-27 15:13:41,505:INFO:master_model_container: 1
2021-07-27 15:13:41,505:INFO:display_container: 2
2021-07-27 15:13:41,505:INFO:LogisticRegression(C=1.0, class_weight=None, dual=False, fit_intercept=True,
                   intercept_scaling=1, l1_ratio=None, max_iter=1000,
                   multi_class='auto', n_jobs=None, penalty='l2',
                   random_state=123, solver='lbfgs', tol=0.0001, verbose=0,
                   warm_start=False)
2021-07-27 15:13:41,505:INFO:create_model() succesfully completed......................................
2021-07-27 15:13:41,594:INFO:SubProcess create_model() end ==================================
2021-07-27 15:13:41,595:INFO:Creating metrics dataframe
2021-07-27 15:13:41,620:INFO:Initializing K Neighbors Classifier
2021-07-27 15:13:41,620:INFO:Total runtime is 0.2572941382726034 minutes
2021-07-27 15:13:41,643:INFO:SubProcess create_model() called ==================================
2021-07-27 15:13:41,644:INFO:Initializing create_model()
2021-07-27 15:13:41,644:INFO:create_model(estimator=knn, fold=StratifiedKFold(n_splits=10, random_state=None, shuffle=False), round=4, cross_validation=True, predict=True, fit_kwargs={}, groups=None, refit=False, verbose=False, system=False, metrics=None, display=<pycaret.internal.Display.Display object at 0x000001D2002F60D0>, kwargs={})
2021-07-27 15:13:41,644:INFO:Checking exceptions
2021-07-27 15:13:41,644:INFO:Importing libraries
2021-07-27 15:13:41,644:INFO:Copying training dataset
2021-07-27 15:13:41,646:INFO:Defining folds
2021-07-27 15:13:41,646:INFO:Declaring metric variables
2021-07-27 15:13:41,673:INFO:Importing untrained model
2021-07-27 15:13:41,697:INFO:K Neighbors Classifier Imported succesfully
2021-07-27 15:13:41,751:INFO:Starting cross validation
2021-07-27 15:13:41,752:INFO:Cross validating with StratifiedKFold(n_splits=10, random_state=None, shuffle=False), n_jobs=-1
2021-07-27 15:13:42,900:INFO:Calculating mean and std
2021-07-27 15:13:42,901:INFO:Creating metrics dataframe
2021-07-27 15:13:42,908:INFO:Uploading results into container
2021-07-27 15:13:42,908:INFO:Uploading model into container now
2021-07-27 15:13:42,908:INFO:create_model_container: 2
2021-07-27 15:13:42,909:INFO:master_model_container: 2
2021-07-27 15:13:42,909:INFO:display_container: 2
2021-07-27 15:13:42,910:INFO:KNeighborsClassifier(algorithm='auto', leaf_size=30, metric='minkowski',
                     metric_params=None, n_jobs=-1, n_neighbors=5, p=2,
                     weights='uniform')
2021-07-27 15:13:42,910:INFO:create_model() succesfully completed......................................
2021-07-27 15:13:43,004:INFO:SubProcess create_model() end ==================================
2021-07-27 15:13:43,004:INFO:Creating metrics dataframe
2021-07-27 15:13:43,029:INFO:Initializing Naive Bayes
2021-07-27 15:13:43,029:INFO:Total runtime is 0.28078642288843797 minutes
2021-07-27 15:13:43,050:INFO:SubProcess create_model() called ==================================
2021-07-27 15:13:43,050:INFO:Initializing create_model()
2021-07-27 15:13:43,051:INFO:create_model(estimator=nb, fold=StratifiedKFold(n_splits=10, random_state=None, shuffle=False), round=4, cross_validation=True, predict=True, fit_kwargs={}, groups=None, refit=False, verbose=False, system=False, metrics=None, display=<pycaret.internal.Display.Display object at 0x000001D2002F60D0>, kwargs={})
2021-07-27 15:13:43,051:INFO:Checking exceptions
2021-07-27 15:13:43,051:INFO:Importing libraries
2021-07-27 15:13:43,051:INFO:Copying training dataset
2021-07-27 15:13:43,056:INFO:Defining folds
2021-07-27 15:13:43,056:INFO:Declaring metric variables
2021-07-27 15:13:43,076:INFO:Importing untrained model
2021-07-27 15:13:43,096:INFO:Naive Bayes Imported succesfully
2021-07-27 15:13:43,150:INFO:Starting cross validation
2021-07-27 15:13:43,151:INFO:Cross validating with StratifiedKFold(n_splits=10, random_state=None, shuffle=False), n_jobs=-1
2021-07-27 15:13:43,599:INFO:Calculating mean and std
2021-07-27 15:13:43,600:INFO:Creating metrics dataframe
2021-07-27 15:13:43,607:INFO:Uploading results into container
2021-07-27 15:13:43,607:INFO:Uploading model into container now
2021-07-27 15:13:43,607:INFO:create_model_container: 3
2021-07-27 15:13:43,607:INFO:master_model_container: 3
2021-07-27 15:13:43,607:INFO:display_container: 2
2021-07-27 15:13:43,608:INFO:GaussianNB(priors=None, var_smoothing=1e-09)
2021-07-27 15:13:43,608:INFO:create_model() succesfully completed......................................
2021-07-27 15:13:43,693:INFO:SubProcess create_model() end ==================================
2021-07-27 15:13:43,693:INFO:Creating metrics dataframe
2021-07-27 15:13:43,718:INFO:Initializing Decision Tree Classifier
2021-07-27 15:13:43,719:INFO:Total runtime is 0.2922820329666138 minutes
2021-07-27 15:13:43,734:INFO:SubProcess create_model() called ==================================
2021-07-27 15:13:43,735:INFO:Initializing create_model()
2021-07-27 15:13:43,735:INFO:create_model(estimator=dt, fold=StratifiedKFold(n_splits=10, random_state=None, shuffle=False), round=4, cross_validation=True, predict=True, fit_kwargs={}, groups=None, refit=False, verbose=False, system=False, metrics=None, display=<pycaret.internal.Display.Display object at 0x000001D2002F60D0>, kwargs={})
2021-07-27 15:13:43,735:INFO:Checking exceptions
2021-07-27 15:13:43,736:INFO:Importing libraries
2021-07-27 15:13:43,737:INFO:Copying training dataset
2021-07-27 15:13:43,742:INFO:Defining folds
2021-07-27 15:13:43,743:INFO:Declaring metric variables
2021-07-27 15:13:43,761:INFO:Importing untrained model
2021-07-27 15:13:43,782:INFO:Decision Tree Classifier Imported succesfully
2021-07-27 15:13:43,836:INFO:Starting cross validation
2021-07-27 15:13:43,839:INFO:Cross validating with StratifiedKFold(n_splits=10, random_state=None, shuffle=False), n_jobs=-1
2021-07-27 15:13:44,422:INFO:Calculating mean and std
2021-07-27 15:13:44,428:INFO:Creating metrics dataframe
2021-07-27 15:13:44,444:INFO:Uploading results into container
2021-07-27 15:13:44,444:INFO:Uploading model into container now
2021-07-27 15:13:44,445:INFO:create_model_container: 4
2021-07-27 15:13:44,445:INFO:master_model_container: 4
2021-07-27 15:13:44,445:INFO:display_container: 2
2021-07-27 15:13:44,445:INFO:DecisionTreeClassifier(ccp_alpha=0.0, class_weight=None, criterion='gini',
                       max_depth=None, max_features=None, max_leaf_nodes=None,
                       min_impurity_decrease=0.0, min_impurity_split=None,
                       min_samples_leaf=1, min_samples_split=2,
                       min_weight_fraction_leaf=0.0, presort='deprecated',
                       random_state=123, splitter='best')
2021-07-27 15:13:44,446:INFO:create_model() succesfully completed......................................
2021-07-27 15:13:44,529:INFO:SubProcess create_model() end ==================================
2021-07-27 15:13:44,529:INFO:Creating metrics dataframe
2021-07-27 15:13:44,559:INFO:Initializing SVM - Linear Kernel
2021-07-27 15:13:44,560:INFO:Total runtime is 0.3062900225321452 minutes
2021-07-27 15:13:44,579:INFO:SubProcess create_model() called ==================================
2021-07-27 15:13:44,580:INFO:Initializing create_model()
2021-07-27 15:13:44,580:INFO:create_model(estimator=svm, fold=StratifiedKFold(n_splits=10, random_state=None, shuffle=False), round=4, cross_validation=True, predict=True, fit_kwargs={}, groups=None, refit=False, verbose=False, system=False, metrics=None, display=<pycaret.internal.Display.Display object at 0x000001D2002F60D0>, kwargs={})
2021-07-27 15:13:44,580:INFO:Checking exceptions
2021-07-27 15:13:44,580:INFO:Importing libraries
2021-07-27 15:13:44,581:INFO:Copying training dataset
2021-07-27 15:13:44,583:INFO:Defining folds
2021-07-27 15:13:44,583:INFO:Declaring metric variables
2021-07-27 15:13:44,600:INFO:Importing untrained model
2021-07-27 15:13:44,630:INFO:SVM - Linear Kernel Imported succesfully
2021-07-27 15:13:44,682:INFO:Starting cross validation
2021-07-27 15:13:44,683:INFO:Cross validating with StratifiedKFold(n_splits=10, random_state=None, shuffle=False), n_jobs=-1
2021-07-27 15:13:45,257:INFO:Calculating mean and std
2021-07-27 15:13:45,260:INFO:Creating metrics dataframe
2021-07-27 15:13:45,271:INFO:Uploading results into container
2021-07-27 15:13:45,271:INFO:Uploading model into container now
2021-07-27 15:13:45,271:INFO:create_model_container: 5
2021-07-27 15:13:45,271:INFO:master_model_container: 5
2021-07-27 15:13:45,272:INFO:display_container: 2
2021-07-27 15:13:45,272:INFO:SGDClassifier(alpha=0.0001, average=False, class_weight=None,
              early_stopping=False, epsilon=0.1, eta0=0.001, fit_intercept=True,
              l1_ratio=0.15, learning_rate='optimal', loss='hinge',
              max_iter=1000, n_iter_no_change=5, n_jobs=-1, penalty='l2',
              power_t=0.5, random_state=123, shuffle=True, tol=0.001,
              validation_fraction=0.1, verbose=0, warm_start=False)
2021-07-27 15:13:45,272:INFO:create_model() succesfully completed......................................
2021-07-27 15:13:45,358:INFO:SubProcess create_model() end ==================================
2021-07-27 15:13:45,358:INFO:Creating metrics dataframe
2021-07-27 15:13:45,390:INFO:Initializing Ridge Classifier
2021-07-27 15:13:45,390:INFO:Total runtime is 0.3201334198315939 minutes
2021-07-27 15:13:45,407:INFO:SubProcess create_model() called ==================================
2021-07-27 15:13:45,407:INFO:Initializing create_model()
2021-07-27 15:13:45,408:INFO:create_model(estimator=ridge, fold=StratifiedKFold(n_splits=10, random_state=None, shuffle=False), round=4, cross_validation=True, predict=True, fit_kwargs={}, groups=None, refit=False, verbose=False, system=False, metrics=None, display=<pycaret.internal.Display.Display object at 0x000001D2002F60D0>, kwargs={})
2021-07-27 15:13:45,408:INFO:Checking exceptions
2021-07-27 15:13:45,409:INFO:Importing libraries
2021-07-27 15:13:45,409:INFO:Copying training dataset
2021-07-27 15:13:45,413:INFO:Defining folds
2021-07-27 15:13:45,413:INFO:Declaring metric variables
2021-07-27 15:13:45,429:INFO:Importing untrained model
2021-07-27 15:13:45,456:INFO:Ridge Classifier Imported succesfully
2021-07-27 15:13:45,515:INFO:Starting cross validation
2021-07-27 15:13:45,517:INFO:Cross validating with StratifiedKFold(n_splits=10, random_state=None, shuffle=False), n_jobs=-1
2021-07-27 15:13:47,037:INFO:Calculating mean and std
2021-07-27 15:13:47,039:INFO:Creating metrics dataframe
2021-07-27 15:13:47,045:INFO:Uploading results into container
2021-07-27 15:13:47,045:INFO:Uploading model into container now
2021-07-27 15:13:47,045:INFO:create_model_container: 6
2021-07-27 15:13:47,045:INFO:master_model_container: 6
2021-07-27 15:13:47,045:INFO:display_container: 2
2021-07-27 15:13:47,046:INFO:RidgeClassifier(alpha=1.0, class_weight=None, copy_X=True, fit_intercept=True,
                max_iter=None, normalize=False, random_state=123, solver='auto',
                tol=0.001)
2021-07-27 15:13:47,046:INFO:create_model() succesfully completed......................................
2021-07-27 15:13:47,133:INFO:SubProcess create_model() end ==================================
2021-07-27 15:13:47,134:INFO:Creating metrics dataframe
2021-07-27 15:13:47,167:INFO:Initializing Random Forest Classifier
2021-07-27 15:13:47,167:INFO:Total runtime is 0.34974632263183597 minutes
2021-07-27 15:13:47,183:INFO:SubProcess create_model() called ==================================
2021-07-27 15:13:47,185:INFO:Initializing create_model()
2021-07-27 15:13:47,185:INFO:create_model(estimator=rf, fold=StratifiedKFold(n_splits=10, random_state=None, shuffle=False), round=4, cross_validation=True, predict=True, fit_kwargs={}, groups=None, refit=False, verbose=False, system=False, metrics=None, display=<pycaret.internal.Display.Display object at 0x000001D2002F60D0>, kwargs={})
2021-07-27 15:13:47,185:INFO:Checking exceptions
2021-07-27 15:13:47,185:INFO:Importing libraries
2021-07-27 15:13:47,186:INFO:Copying training dataset
2021-07-27 15:13:47,190:INFO:Defining folds
2021-07-27 15:13:47,191:INFO:Declaring metric variables
2021-07-27 15:13:47,207:INFO:Importing untrained model
2021-07-27 15:13:47,230:INFO:Random Forest Classifier Imported succesfully
2021-07-27 15:13:47,276:INFO:Starting cross validation
2021-07-27 15:13:47,278:INFO:Cross validating with StratifiedKFold(n_splits=10, random_state=None, shuffle=False), n_jobs=-1
2021-07-27 15:13:50,605:INFO:Calculating mean and std
2021-07-27 15:13:50,606:INFO:Creating metrics dataframe
2021-07-27 15:13:50,612:INFO:Uploading results into container
2021-07-27 15:13:50,613:INFO:Uploading model into container now
2021-07-27 15:13:50,613:INFO:create_model_container: 7
2021-07-27 15:13:50,613:INFO:master_model_container: 7
2021-07-27 15:13:50,613:INFO:display_container: 2
2021-07-27 15:13:50,614:INFO:RandomForestClassifier(bootstrap=True, ccp_alpha=0.0, class_weight=None,
                       criterion='gini', max_depth=None, max_features='auto',
                       max_leaf_nodes=None, max_samples=None,
                       min_impurity_decrease=0.0, min_impurity_split=None,
                       min_samples_leaf=1, min_samples_split=2,
                       min_weight_fraction_leaf=0.0, n_estimators=100,
                       n_jobs=-1, oob_score=False, random_state=123, verbose=0,
                       warm_start=False)
2021-07-27 15:13:50,614:INFO:create_model() succesfully completed......................................
2021-07-27 15:13:50,699:INFO:SubProcess create_model() end ==================================
2021-07-27 15:13:50,700:INFO:Creating metrics dataframe
2021-07-27 15:13:50,729:INFO:Initializing Quadratic Discriminant Analysis
2021-07-27 15:13:50,729:INFO:Total runtime is 0.40911314884821576 minutes
2021-07-27 15:13:50,742:INFO:SubProcess create_model() called ==================================
2021-07-27 15:13:50,743:INFO:Initializing create_model()
2021-07-27 15:13:50,743:INFO:create_model(estimator=qda, fold=StratifiedKFold(n_splits=10, random_state=None, shuffle=False), round=4, cross_validation=True, predict=True, fit_kwargs={}, groups=None, refit=False, verbose=False, system=False, metrics=None, display=<pycaret.internal.Display.Display object at 0x000001D2002F60D0>, kwargs={})
2021-07-27 15:13:50,743:INFO:Checking exceptions
2021-07-27 15:13:50,743:INFO:Importing libraries
2021-07-27 15:13:50,744:INFO:Copying training dataset
2021-07-27 15:13:50,746:INFO:Defining folds
2021-07-27 15:13:50,746:INFO:Declaring metric variables
2021-07-27 15:13:50,766:INFO:Importing untrained model
2021-07-27 15:13:50,781:INFO:Quadratic Discriminant Analysis Imported succesfully
2021-07-27 15:13:50,831:INFO:Starting cross validation
2021-07-27 15:13:50,833:INFO:Cross validating with StratifiedKFold(n_splits=10, random_state=None, shuffle=False), n_jobs=-1
2021-07-27 15:13:51,957:INFO:Calculating mean and std
2021-07-27 15:13:51,959:INFO:Creating metrics dataframe
2021-07-27 15:13:51,965:INFO:Uploading results into container
2021-07-27 15:13:51,965:INFO:Uploading model into container now
2021-07-27 15:13:51,965:INFO:create_model_container: 8
2021-07-27 15:13:51,965:INFO:master_model_container: 8
2021-07-27 15:13:51,965:INFO:display_container: 2
2021-07-27 15:13:51,966:INFO:QuadraticDiscriminantAnalysis(priors=None, reg_param=0.0,
                              store_covariance=False, tol=0.0001)
2021-07-27 15:13:51,966:INFO:create_model() succesfully completed......................................
2021-07-27 15:13:52,049:INFO:SubProcess create_model() end ==================================
2021-07-27 15:13:52,049:INFO:Creating metrics dataframe
2021-07-27 15:13:52,076:INFO:Initializing Ada Boost Classifier
2021-07-27 15:13:52,077:INFO:Total runtime is 0.4315872589747111 minutes
2021-07-27 15:13:52,097:INFO:SubProcess create_model() called ==================================
2021-07-27 15:13:52,099:INFO:Initializing create_model()
2021-07-27 15:13:52,099:INFO:create_model(estimator=ada, fold=StratifiedKFold(n_splits=10, random_state=None, shuffle=False), round=4, cross_validation=True, predict=True, fit_kwargs={}, groups=None, refit=False, verbose=False, system=False, metrics=None, display=<pycaret.internal.Display.Display object at 0x000001D2002F60D0>, kwargs={})
2021-07-27 15:13:52,099:INFO:Checking exceptions
2021-07-27 15:13:52,099:INFO:Importing libraries
2021-07-27 15:13:52,099:INFO:Copying training dataset
2021-07-27 15:13:52,104:INFO:Defining folds
2021-07-27 15:13:52,104:INFO:Declaring metric variables
2021-07-27 15:13:52,126:INFO:Importing untrained model
2021-07-27 15:13:52,148:INFO:Ada Boost Classifier Imported succesfully
2021-07-27 15:13:52,200:INFO:Starting cross validation
2021-07-27 15:13:52,201:INFO:Cross validating with StratifiedKFold(n_splits=10, random_state=None, shuffle=False), n_jobs=-1
2021-07-27 15:13:54,001:INFO:Calculating mean and std
2021-07-27 15:13:54,001:INFO:Creating metrics dataframe
2021-07-27 15:13:54,011:INFO:Uploading results into container
2021-07-27 15:13:54,011:INFO:Uploading model into container now
2021-07-27 15:13:54,011:INFO:create_model_container: 9
2021-07-27 15:13:54,011:INFO:master_model_container: 9
2021-07-27 15:13:54,011:INFO:display_container: 2
2021-07-27 15:13:54,011:INFO:AdaBoostClassifier(algorithm='SAMME.R', base_estimator=None, learning_rate=1.0,
                   n_estimators=50, random_state=123)
2021-07-27 15:13:54,012:INFO:create_model() succesfully completed......................................
2021-07-27 15:13:54,090:INFO:SubProcess create_model() end ==================================
2021-07-27 15:13:54,091:INFO:Creating metrics dataframe
2021-07-27 15:13:54,123:INFO:Initializing Gradient Boosting Classifier
2021-07-27 15:13:54,123:INFO:Total runtime is 0.4656781156857809 minutes
2021-07-27 15:13:54,142:INFO:SubProcess create_model() called ==================================
2021-07-27 15:13:54,142:INFO:Initializing create_model()
2021-07-27 15:13:54,142:INFO:create_model(estimator=gbc, fold=StratifiedKFold(n_splits=10, random_state=None, shuffle=False), round=4, cross_validation=True, predict=True, fit_kwargs={}, groups=None, refit=False, verbose=False, system=False, metrics=None, display=<pycaret.internal.Display.Display object at 0x000001D2002F60D0>, kwargs={})
2021-07-27 15:13:54,143:INFO:Checking exceptions
2021-07-27 15:13:54,143:INFO:Importing libraries
2021-07-27 15:13:54,143:INFO:Copying training dataset
2021-07-27 15:13:54,145:INFO:Defining folds
2021-07-27 15:13:54,145:INFO:Declaring metric variables
2021-07-27 15:13:54,164:INFO:Importing untrained model
2021-07-27 15:13:54,183:INFO:Gradient Boosting Classifier Imported succesfully
2021-07-27 15:13:54,233:INFO:Starting cross validation
2021-07-27 15:13:54,234:INFO:Cross validating with StratifiedKFold(n_splits=10, random_state=None, shuffle=False), n_jobs=-1
2021-07-27 15:13:58,558:INFO:Calculating mean and std
2021-07-27 15:13:58,560:INFO:Creating metrics dataframe
2021-07-27 15:13:58,565:INFO:Uploading results into container
2021-07-27 15:13:58,565:INFO:Uploading model into container now
2021-07-27 15:13:58,565:INFO:create_model_container: 10
2021-07-27 15:13:58,565:INFO:master_model_container: 10
2021-07-27 15:13:58,565:INFO:display_container: 2
2021-07-27 15:13:58,566:INFO:GradientBoostingClassifier(ccp_alpha=0.0, criterion='friedman_mse', init=None,
                           learning_rate=0.1, loss='deviance', max_depth=3,
                           max_features=None, max_leaf_nodes=None,
                           min_impurity_decrease=0.0, min_impurity_split=None,
                           min_samples_leaf=1, min_samples_split=2,
                           min_weight_fraction_leaf=0.0, n_estimators=100,
                           n_iter_no_change=None, presort='deprecated',
                           random_state=123, subsample=1.0, tol=0.0001,
                           validation_fraction=0.1, verbose=0,
                           warm_start=False)
2021-07-27 15:13:58,566:INFO:create_model() succesfully completed......................................
2021-07-27 15:13:58,660:INFO:SubProcess create_model() end ==================================
2021-07-27 15:13:58,660:INFO:Creating metrics dataframe
2021-07-27 15:13:58,696:INFO:Initializing Linear Discriminant Analysis
2021-07-27 15:13:58,696:INFO:Total runtime is 0.5419052243232727 minutes
2021-07-27 15:13:58,711:INFO:SubProcess create_model() called ==================================
2021-07-27 15:13:58,711:INFO:Initializing create_model()
2021-07-27 15:13:58,711:INFO:create_model(estimator=lda, fold=StratifiedKFold(n_splits=10, random_state=None, shuffle=False), round=4, cross_validation=True, predict=True, fit_kwargs={}, groups=None, refit=False, verbose=False, system=False, metrics=None, display=<pycaret.internal.Display.Display object at 0x000001D2002F60D0>, kwargs={})
2021-07-27 15:13:58,712:INFO:Checking exceptions
2021-07-27 15:13:58,712:INFO:Importing libraries
2021-07-27 15:13:58,712:INFO:Copying training dataset
2021-07-27 15:13:58,714:INFO:Defining folds
2021-07-27 15:13:58,714:INFO:Declaring metric variables
2021-07-27 15:13:58,731:INFO:Importing untrained model
2021-07-27 15:13:58,748:INFO:Linear Discriminant Analysis Imported succesfully
2021-07-27 15:13:58,784:INFO:Starting cross validation
2021-07-27 15:13:58,785:INFO:Cross validating with StratifiedKFold(n_splits=10, random_state=None, shuffle=False), n_jobs=-1
2021-07-27 15:14:02,388:INFO:Calculating mean and std
2021-07-27 15:14:02,390:INFO:Creating metrics dataframe
2021-07-27 15:14:02,397:INFO:Uploading results into container
2021-07-27 15:14:02,397:INFO:Uploading model into container now
2021-07-27 15:14:02,398:INFO:create_model_container: 11
2021-07-27 15:14:02,398:INFO:master_model_container: 11
2021-07-27 15:14:02,398:INFO:display_container: 2
2021-07-27 15:14:02,398:INFO:LinearDiscriminantAnalysis(n_components=None, priors=None, shrinkage=None,
                           solver='svd', store_covariance=False, tol=0.0001)
2021-07-27 15:14:02,398:INFO:create_model() succesfully completed......................................
2021-07-27 15:14:02,483:INFO:SubProcess create_model() end ==================================
2021-07-27 15:14:02,483:INFO:Creating metrics dataframe
2021-07-27 15:14:02,517:INFO:Initializing Extra Trees Classifier
2021-07-27 15:14:02,517:INFO:Total runtime is 0.6055835723876953 minutes
2021-07-27 15:14:02,544:INFO:SubProcess create_model() called ==================================
2021-07-27 15:14:02,545:INFO:Initializing create_model()
2021-07-27 15:14:02,545:INFO:create_model(estimator=et, fold=StratifiedKFold(n_splits=10, random_state=None, shuffle=False), round=4, cross_validation=True, predict=True, fit_kwargs={}, groups=None, refit=False, verbose=False, system=False, metrics=None, display=<pycaret.internal.Display.Display object at 0x000001D2002F60D0>, kwargs={})
2021-07-27 15:14:02,545:INFO:Checking exceptions
2021-07-27 15:14:02,545:INFO:Importing libraries
2021-07-27 15:14:02,545:INFO:Copying training dataset
2021-07-27 15:14:02,548:INFO:Defining folds
2021-07-27 15:14:02,549:INFO:Declaring metric variables
2021-07-27 15:14:02,575:INFO:Importing untrained model
2021-07-27 15:14:02,596:INFO:Extra Trees Classifier Imported succesfully
2021-07-27 15:14:02,644:INFO:Starting cross validation
2021-07-27 15:14:02,647:INFO:Cross validating with StratifiedKFold(n_splits=10, random_state=None, shuffle=False), n_jobs=-1
2021-07-27 15:14:06,120:INFO:Calculating mean and std
2021-07-27 15:14:06,123:INFO:Creating metrics dataframe
2021-07-27 15:14:06,128:INFO:Uploading results into container
2021-07-27 15:14:06,128:INFO:Uploading model into container now
2021-07-27 15:14:06,129:INFO:create_model_container: 12
2021-07-27 15:14:06,129:INFO:master_model_container: 12
2021-07-27 15:14:06,129:INFO:display_container: 2
2021-07-27 15:14:06,130:INFO:ExtraTreesClassifier(bootstrap=False, ccp_alpha=0.0, class_weight=None,
                     criterion='gini', max_depth=None, max_features='auto',
                     max_leaf_nodes=None, max_samples=None,
                     min_impurity_decrease=0.0, min_impurity_split=None,
                     min_samples_leaf=1, min_samples_split=2,
                     min_weight_fraction_leaf=0.0, n_estimators=100, n_jobs=-1,
                     oob_score=False, random_state=123, verbose=0,
                     warm_start=False)
2021-07-27 15:14:06,130:INFO:create_model() succesfully completed......................................
2021-07-27 15:14:06,222:INFO:SubProcess create_model() end ==================================
2021-07-27 15:14:06,222:INFO:Creating metrics dataframe
2021-07-27 15:14:06,256:INFO:Initializing Light Gradient Boosting Machine
2021-07-27 15:14:06,256:INFO:Total runtime is 0.667896318435669 minutes
2021-07-27 15:14:06,268:INFO:SubProcess create_model() called ==================================
2021-07-27 15:14:06,269:INFO:Initializing create_model()
2021-07-27 15:14:06,269:INFO:create_model(estimator=lightgbm, fold=StratifiedKFold(n_splits=10, random_state=None, shuffle=False), round=4, cross_validation=True, predict=True, fit_kwargs={}, groups=None, refit=False, verbose=False, system=False, metrics=None, display=<pycaret.internal.Display.Display object at 0x000001D2002F60D0>, kwargs={})
2021-07-27 15:14:06,269:INFO:Checking exceptions
2021-07-27 15:14:06,269:INFO:Importing libraries
2021-07-27 15:14:06,270:INFO:Copying training dataset
2021-07-27 15:14:06,273:INFO:Defining folds
2021-07-27 15:14:06,273:INFO:Declaring metric variables
2021-07-27 15:14:06,295:INFO:Importing untrained model
2021-07-27 15:14:06,319:INFO:Light Gradient Boosting Machine Imported succesfully
2021-07-27 15:14:06,366:INFO:Starting cross validation
2021-07-27 15:14:06,366:INFO:Cross validating with StratifiedKFold(n_splits=10, random_state=None, shuffle=False), n_jobs=-1
2021-07-27 15:14:08,891:INFO:Calculating mean and std
2021-07-27 15:14:08,895:INFO:Creating metrics dataframe
2021-07-27 15:14:08,928:INFO:Uploading results into container
2021-07-27 15:14:08,929:INFO:Uploading model into container now
2021-07-27 15:14:08,930:INFO:create_model_container: 13
2021-07-27 15:14:08,931:INFO:master_model_container: 13
2021-07-27 15:14:08,931:INFO:display_container: 2
2021-07-27 15:14:08,933:INFO:LGBMClassifier(boosting_type='gbdt', class_weight=None, colsample_bytree=1.0,
               importance_type='split', learning_rate=0.1, max_depth=-1,
               min_child_samples=20, min_child_weight=0.001, min_split_gain=0.0,
               n_estimators=100, n_jobs=-1, num_leaves=31, objective=None,
               random_state=123, reg_alpha=0.0, reg_lambda=0.0, silent=True,
               subsample=1.0, subsample_for_bin=200000, subsample_freq=0)
2021-07-27 15:14:08,933:INFO:create_model() succesfully completed......................................
2021-07-27 15:14:09,009:INFO:SubProcess create_model() end ==================================
2021-07-27 15:14:09,009:INFO:Creating metrics dataframe
2021-07-27 15:14:09,072:INFO:Initializing create_model()
2021-07-27 15:14:09,072:INFO:create_model(estimator=RidgeClassifier(alpha=1.0, class_weight=None, copy_X=True, fit_intercept=True,
                max_iter=None, normalize=False, random_state=123, solver='auto',
                tol=0.001), fold=StratifiedKFold(n_splits=10, random_state=None, shuffle=False), round=4, cross_validation=False, predict=False, fit_kwargs={}, groups=None, refit=True, verbose=False, system=False, metrics=None, display=None, kwargs={})
2021-07-27 15:14:09,072:INFO:Checking exceptions
2021-07-27 15:14:09,073:INFO:Importing libraries
2021-07-27 15:14:09,073:INFO:Copying training dataset
2021-07-27 15:14:09,074:INFO:Defining folds
2021-07-27 15:14:09,074:INFO:Declaring metric variables
2021-07-27 15:14:09,074:INFO:Importing untrained model
2021-07-27 15:14:09,074:INFO:Declaring custom model
2021-07-27 15:14:09,075:INFO:Ridge Classifier Imported succesfully
2021-07-27 15:14:09,075:INFO:Cross validation set to False
2021-07-27 15:14:09,075:INFO:Fitting Model
2021-07-27 15:14:09,272:INFO:RidgeClassifier(alpha=1.0, class_weight=None, copy_X=True, fit_intercept=True,
                max_iter=None, normalize=False, random_state=123, solver='auto',
                tol=0.001)
2021-07-27 15:14:09,272:INFO:create_models() succesfully completed......................................
2021-07-27 15:14:09,462:INFO:create_model_container: 13
2021-07-27 15:14:09,462:INFO:master_model_container: 13
2021-07-27 15:14:09,463:INFO:display_container: 2
2021-07-27 15:14:09,463:INFO:RidgeClassifier(alpha=1.0, class_weight=None, copy_X=True, fit_intercept=True,
                max_iter=None, normalize=False, random_state=123, solver='auto',
                tol=0.001)
2021-07-27 15:14:09,463:INFO:compare_models() succesfully completed......................................
2021-07-27 15:14:34,189:INFO:gpu_param set to False
2021-07-27 15:14:34,358:WARNING:Couldn't import xgboost.XGBClassifier
2021-07-27 15:14:34,359:WARNING:Couldn't import catboost.CatBoostClassifier
2021-07-27 15:14:40,858:INFO:Initializing create_model()
2021-07-27 15:14:40,858:INFO:create_model(estimator=gbc, fold=None, round=4, cross_validation=True, predict=True, fit_kwargs=None, groups=None, refit=True, verbose=True, system=True, metrics=None, display=None, kwargs={})
2021-07-27 15:14:40,858:INFO:Checking exceptions
2021-07-27 15:14:40,859:INFO:Preparing display monitor
2021-07-27 15:14:40,898:INFO:Importing libraries
2021-07-27 15:14:40,898:INFO:Copying training dataset
2021-07-27 15:14:40,901:INFO:Defining folds
2021-07-27 15:14:40,901:INFO:Declaring metric variables
2021-07-27 15:14:40,924:INFO:Importing untrained model
2021-07-27 15:14:40,940:INFO:Gradient Boosting Classifier Imported succesfully
2021-07-27 15:14:40,992:INFO:Starting cross validation
2021-07-27 15:14:40,993:INFO:Cross validating with StratifiedKFold(n_splits=10, random_state=None, shuffle=False), n_jobs=-1
2021-07-27 15:14:46,117:INFO:Calculating mean and std
2021-07-27 15:14:46,125:INFO:Creating metrics dataframe
2021-07-27 15:14:46,176:INFO:Finalizing model
2021-07-27 15:14:47,118:INFO:Uploading results into container
2021-07-27 15:14:47,118:INFO:Uploading model into container now
2021-07-27 15:14:47,139:INFO:create_model_container: 14
2021-07-27 15:14:47,140:INFO:master_model_container: 14
2021-07-27 15:14:47,140:INFO:display_container: 3
2021-07-27 15:14:47,143:INFO:GradientBoostingClassifier(ccp_alpha=0.0, criterion='friedman_mse', init=None,
                           learning_rate=0.1, loss='deviance', max_depth=3,
                           max_features=None, max_leaf_nodes=None,
                           min_impurity_decrease=0.0, min_impurity_split=None,
                           min_samples_leaf=1, min_samples_split=2,
                           min_weight_fraction_leaf=0.0, n_estimators=100,
                           n_iter_no_change=None, presort='deprecated',
                           random_state=123, subsample=1.0, tol=0.0001,
                           validation_fraction=0.1, verbose=0,
                           warm_start=False)
2021-07-27 15:14:47,143:INFO:create_model() succesfully completed......................................
2021-07-27 15:15:26,613:INFO:Initializing tune_model()
2021-07-27 15:15:26,613:INFO:tune_model(estimator=GradientBoostingClassifier(ccp_alpha=0.0, criterion='friedman_mse', init=None,
                           learning_rate=0.1, loss='deviance', max_depth=3,
                           max_features=None, max_leaf_nodes=None,
                           min_impurity_decrease=0.0, min_impurity_split=None,
                           min_samples_leaf=1, min_samples_split=2,
                           min_weight_fraction_leaf=0.0, n_estimators=100,
                           n_iter_no_change=None, presort='deprecated',
                           random_state=123, subsample=1.0, tol=0.0001,
                           validation_fraction=0.1, verbose=0,
                           warm_start=False), fold=None, round=4, n_iter=10, custom_grid=None, optimize=Accuracy, custom_scorer=None, search_library=scikit-learn, search_algorithm=None, early_stopping=False, early_stopping_max_iters=10, choose_better=False, fit_kwargs=None, groups=None, return_tuner=False, verbose=True, tuner_verbose=True, display=None, kwargs={})
2021-07-27 15:15:26,613:INFO:Checking exceptions
2021-07-27 15:15:26,615:INFO:Preparing display monitor
2021-07-27 15:15:26,656:INFO:Copying training dataset
2021-07-27 15:15:26,660:INFO:Checking base model
2021-07-27 15:15:26,660:INFO:Base model : Gradient Boosting Classifier
2021-07-27 15:15:26,681:INFO:Declaring metric variables
2021-07-27 15:15:26,707:INFO:Defining Hyperparameters
2021-07-27 15:15:26,850:INFO:Tuning with n_jobs=-1
2021-07-27 15:15:26,850:INFO:Initializing RandomizedSearchCV
2021-07-27 15:15:45,670:INFO:best_params: {'actual_estimator__subsample': 0.7, 'actual_estimator__n_estimators': 190, 'actual_estimator__min_samples_split': 10, 'actual_estimator__min_samples_leaf': 4, 'actual_estimator__min_impurity_decrease': 0.3, 'actual_estimator__max_features': 'sqrt', 'actual_estimator__max_depth': 7, 'actual_estimator__learning_rate': 0.4}
2021-07-27 15:15:45,672:INFO:Hyperparameter search completed
2021-07-27 15:15:45,672:INFO:SubProcess create_model() called ==================================
2021-07-27 15:15:45,674:INFO:Initializing create_model()
2021-07-27 15:15:45,674:INFO:create_model(estimator=GradientBoostingClassifier(ccp_alpha=0.0, criterion='friedman_mse', init=None,
                           learning_rate=0.1, loss='deviance', max_depth=3,
                           max_features=None, max_leaf_nodes=None,
                           min_impurity_decrease=0.0, min_impurity_split=None,
                           min_samples_leaf=1, min_samples_split=2,
                           min_weight_fraction_leaf=0.0, n_estimators=100,
                           n_iter_no_change=None, presort='deprecated',
                           random_state=123, subsample=1.0, tol=0.0001,
                           validation_fraction=0.1, verbose=0,
                           warm_start=False), fold=StratifiedKFold(n_splits=10, random_state=None, shuffle=False), round=4, cross_validation=True, predict=True, fit_kwargs={}, groups=None, refit=True, verbose=True, system=False, metrics=None, display=<pycaret.internal.Display.Display object at 0x000001D22244EF10>, kwargs={'subsample': 0.7, 'n_estimators': 190, 'min_samples_split': 10, 'min_samples_leaf': 4, 'min_impurity_decrease': 0.3, 'max_features': 'sqrt', 'max_depth': 7, 'learning_rate': 0.4})
2021-07-27 15:15:45,674:INFO:Checking exceptions
2021-07-27 15:15:45,674:INFO:Importing libraries
2021-07-27 15:15:45,675:INFO:Copying training dataset
2021-07-27 15:15:45,676:INFO:Defining folds
2021-07-27 15:15:45,677:INFO:Declaring metric variables
2021-07-27 15:15:45,697:INFO:Importing untrained model
2021-07-27 15:15:45,698:INFO:Declaring custom model
2021-07-27 15:15:45,714:INFO:Gradient Boosting Classifier Imported succesfully
2021-07-27 15:15:45,758:INFO:Starting cross validation
2021-07-27 15:15:45,759:INFO:Cross validating with StratifiedKFold(n_splits=10, random_state=None, shuffle=False), n_jobs=-1
2021-07-27 15:15:46,789:INFO:Calculating mean and std
2021-07-27 15:15:46,790:INFO:Creating metrics dataframe
2021-07-27 15:15:46,811:INFO:Finalizing model
2021-07-27 15:15:46,991:INFO:Uploading results into container
2021-07-27 15:15:46,991:INFO:Uploading model into container now
2021-07-27 15:15:46,992:INFO:create_model_container: 15
2021-07-27 15:15:46,992:INFO:master_model_container: 15
2021-07-27 15:15:46,992:INFO:display_container: 4
2021-07-27 15:15:46,993:INFO:GradientBoostingClassifier(ccp_alpha=0.0, criterion='friedman_mse', init=None,
                           learning_rate=0.4, loss='deviance', max_depth=7,
                           max_features='sqrt', max_leaf_nodes=None,
                           min_impurity_decrease=0.3, min_impurity_split=None,
                           min_samples_leaf=4, min_samples_split=10,
                           min_weight_fraction_leaf=0.0, n_estimators=190,
                           n_iter_no_change=None, presort='deprecated',
                           random_state=123, subsample=0.7, tol=0.0001,
                           validation_fraction=0.1, verbose=0,
                           warm_start=False)
2021-07-27 15:15:46,993:INFO:create_model() succesfully completed......................................
2021-07-27 15:15:47,072:INFO:SubProcess create_model() end ==================================
2021-07-27 15:15:47,095:INFO:create_model_container: 15
2021-07-27 15:15:47,095:INFO:master_model_container: 15
2021-07-27 15:15:47,096:INFO:display_container: 4
2021-07-27 15:15:47,097:INFO:GradientBoostingClassifier(ccp_alpha=0.0, criterion='friedman_mse', init=None,
                           learning_rate=0.4, loss='deviance', max_depth=7,
                           max_features='sqrt', max_leaf_nodes=None,
                           min_impurity_decrease=0.3, min_impurity_split=None,
                           min_samples_leaf=4, min_samples_split=10,
                           min_weight_fraction_leaf=0.0, n_estimators=190,
                           n_iter_no_change=None, presort='deprecated',
                           random_state=123, subsample=0.7, tol=0.0001,
                           validation_fraction=0.1, verbose=0,
                           warm_start=False)
2021-07-27 15:15:47,097:INFO:tune_model() succesfully completed......................................
2021-07-27 15:17:13,094:INFO:Initializing plot_model()
2021-07-27 15:17:13,094:INFO:plot_model(plot=feature, fold=None, use_train_data=False, verbose=True, is_in_evaluate=False, display=None, display_format=None, estimator=GradientBoostingClassifier(ccp_alpha=0.0, criterion='friedman_mse', init=None,
                           learning_rate=0.4, loss='deviance', max_depth=7,
                           max_features='sqrt', max_leaf_nodes=None,
                           min_impurity_decrease=0.3, min_impurity_split=None,
                           min_samples_leaf=4, min_samples_split=10,
                           min_weight_fraction_leaf=0.0, n_estimators=190,
                           n_iter_no_change=None, presort='deprecated',
                           random_state=123, subsample=0.7, tol=0.0001,
                           validation_fraction=0.1, verbose=0,
                           warm_start=False), feature_name=None, fit_kwargs=None, groups=None, label=False, save=False, scale=1, system=True)
2021-07-27 15:17:13,094:INFO:Checking exceptions
2021-07-27 15:17:13,097:INFO:Preparing display monitor
2021-07-27 15:17:13,111:INFO:Preloading libraries
2021-07-27 15:17:13,175:INFO:Copying training dataset
2021-07-27 15:17:13,176:INFO:Copying test dataset
2021-07-27 15:17:13,177:INFO:Plot type: feature
2021-07-27 15:17:14,582:WARNING:No coef_ found. Trying feature_importances_
2021-07-27 15:17:15,297:INFO:Visual Rendered Successfully
2021-07-27 15:17:15,395:INFO:plot_model() succesfully completed......................................
2021-07-27 15:17:27,674:INFO:Initializing finalize_model()
2021-07-27 15:17:27,674:INFO:finalize_model(estimator=GradientBoostingClassifier(ccp_alpha=0.0, criterion='friedman_mse', init=None,
                           learning_rate=0.4, loss='deviance', max_depth=7,
                           max_features='sqrt', max_leaf_nodes=None,
                           min_impurity_decrease=0.3, min_impurity_split=None,
                           min_samples_leaf=4, min_samples_split=10,
                           min_weight_fraction_leaf=0.0, n_estimators=190,
                           n_iter_no_change=None, presort='deprecated',
                           random_state=123, subsample=0.7, tol=0.0001,
                           validation_fraction=0.1, verbose=0,
                           warm_start=False), fit_kwargs=None, groups=None, model_only=True, display=None)
2021-07-27 15:17:27,675:INFO:Finalizing GradientBoostingClassifier(ccp_alpha=0.0, criterion='friedman_mse', init=None,
                           learning_rate=0.4, loss='deviance', max_depth=7,
                           max_features='sqrt', max_leaf_nodes=None,
                           min_impurity_decrease=0.3, min_impurity_split=None,
                           min_samples_leaf=4, min_samples_split=10,
                           min_weight_fraction_leaf=0.0, n_estimators=190,
                           n_iter_no_change=None, presort='deprecated',
                           random_state=123, subsample=0.7, tol=0.0001,
                           validation_fraction=0.1, verbose=0,
                           warm_start=False)
2021-07-27 15:17:27,675:INFO:Initializing create_model()
2021-07-27 15:17:27,675:INFO:create_model(estimator=GradientBoostingClassifier(ccp_alpha=0.0, criterion='friedman_mse', init=None,
                           learning_rate=0.4, loss='deviance', max_depth=7,
                           max_features='sqrt', max_leaf_nodes=None,
                           min_impurity_decrease=0.3, min_impurity_split=None,
                           min_samples_leaf=4, min_samples_split=10,
                           min_weight_fraction_leaf=0.0, n_estimators=190,
                           n_iter_no_change=None, presort='deprecated',
                           random_state=123, subsample=0.7, tol=0.0001,
                           validation_fraction=0.1, verbose=0,
                           warm_start=False), fold=None, round=4, cross_validation=True, predict=True, fit_kwargs={}, groups=None, refit=True, verbose=False, system=False, metrics=None, display=None, kwargs={})
2021-07-27 15:17:27,675:INFO:Checking exceptions
2021-07-27 15:17:27,675:INFO:Importing libraries
2021-07-27 15:17:27,676:INFO:Copying training dataset
2021-07-27 15:17:27,678:INFO:Defining folds
2021-07-27 15:17:27,678:INFO:Declaring metric variables
2021-07-27 15:17:27,678:INFO:Importing untrained model
2021-07-27 15:17:27,678:INFO:Declaring custom model
2021-07-27 15:17:27,680:INFO:Gradient Boosting Classifier Imported succesfully
2021-07-27 15:17:27,680:INFO:Starting cross validation
2021-07-27 15:17:27,681:INFO:Cross validating with StratifiedKFold(n_splits=10, random_state=None, shuffle=False), n_jobs=-1
2021-07-27 15:17:28,980:INFO:Calculating mean and std
2021-07-27 15:17:28,981:INFO:Creating metrics dataframe
2021-07-27 15:17:28,988:INFO:Finalizing model
2021-07-27 15:17:29,178:INFO:Uploading results into container
2021-07-27 15:17:29,178:INFO:Uploading model into container now
2021-07-27 15:17:29,178:INFO:create_model_container: 16
2021-07-27 15:17:29,178:INFO:master_model_container: 16
2021-07-27 15:17:29,178:INFO:display_container: 5
2021-07-27 15:17:29,179:INFO:GradientBoostingClassifier(ccp_alpha=0.0, criterion='friedman_mse', init=None,
                           learning_rate=0.4, loss='deviance', max_depth=7,
                           max_features='sqrt', max_leaf_nodes=None,
                           min_impurity_decrease=0.3, min_impurity_split=None,
                           min_samples_leaf=4, min_samples_split=10,
                           min_weight_fraction_leaf=0.0, n_estimators=190,
                           n_iter_no_change=None, presort='deprecated',
                           random_state=123, subsample=0.7, tol=0.0001,
                           validation_fraction=0.1, verbose=0,
                           warm_start=False)
2021-07-27 15:17:29,179:INFO:create_model() succesfully completed......................................
2021-07-27 15:17:29,272:INFO:create_model_container: 16
2021-07-27 15:17:29,272:INFO:master_model_container: 16
2021-07-27 15:17:29,272:INFO:display_container: 4
2021-07-27 15:17:29,273:INFO:GradientBoostingClassifier(ccp_alpha=0.0, criterion='friedman_mse', init=None,
                           learning_rate=0.4, loss='deviance', max_depth=7,
                           max_features='sqrt', max_leaf_nodes=None,
                           min_impurity_decrease=0.3, min_impurity_split=None,
                           min_samples_leaf=4, min_samples_split=10,
                           min_weight_fraction_leaf=0.0, n_estimators=190,
                           n_iter_no_change=None, presort='deprecated',
                           random_state=123, subsample=0.7, tol=0.0001,
                           validation_fraction=0.1, verbose=0,
                           warm_start=False)
2021-07-27 15:17:29,273:INFO:finalize_model() succesfully completed......................................
2021-07-27 15:17:32,065:INFO:Initializing predict_model()
2021-07-27 15:17:32,065:INFO:predict_model(estimator=GradientBoostingClassifier(ccp_alpha=0.0, criterion='friedman_mse', init=None,
                           learning_rate=0.4, loss='deviance', max_depth=7,
                           max_features='sqrt', max_leaf_nodes=None,
                           min_impurity_decrease=0.3, min_impurity_split=None,
                           min_samples_leaf=4, min_samples_split=10,
                           min_weight_fraction_leaf=0.0, n_estimators=190,
                           n_iter_no_change=None, presort='deprecated',
                           random_state=123, subsample=0.7, tol=0.0001,
                           validation_fraction=0.1, verbose=0,
                           warm_start=False), probability_threshold=None, encoded_labels=False, raw_score=False, round=4, verbose=True, ml_usecase=MLUsecase.CLASSIFICATION, display=None)
2021-07-27 15:17:32,066:INFO:Checking exceptions
2021-07-27 15:17:32,066:INFO:Preloading libraries
2021-07-27 15:17:32,066:INFO:Preparing display monitor
